This file contains any messages produced by compilers while
running configure, to aid debugging if configure makes a mistake.

It was created by MESSy configure (messy_2.*), which was
generated by GNU Autoconf 2.69.  Invocation command line was

  $ ./configure --enable-COSMO --enable-I2CINC --enable-MESSYMMD

## --------- ##
## Platform. ##
## --------- ##

hostname = s81n11.grendel.cscaa.dk
uname -m = x86_64
uname -r = 3.10.0-514.2.2.el7.x86_64
uname -s = Linux
uname -v = #1 SMP Tue Dec 6 23:06:41 UTC 2016

/usr/bin/uname -p = x86_64
/bin/uname -X     = unknown

/bin/arch              = x86_64
/usr/bin/arch -k       = unknown
/usr/convex/getsysinfo = unknown
/usr/bin/hostinfo      = unknown
/bin/machine           = unknown
/usr/bin/oslevel       = unknown
/bin/universe          = unknown

PATH: /home/stergios/.local/bin
PATH: /home/stergios/sw/rclone-v1.51.0-linux-amd64
PATH: /home/stergios/sw/ncl_ncarg-6.2.1.Linux/bin
PATH: /home/stergios/sw/nco-4.6.0/bin
PATH: /home/stergios/sw/cdo-1.7.1/bin
PATH: /home/stergios/sw/netcdf-4.4.0/bin
PATH: /home/stergios/sw/udunits-2.2.20/bin
PATH: /home/stergios/sw/nedit-5.6/bin
PATH: /home/stergios/sw/flex-2.6.0/bin
PATH: /comm/swstack/core/intel-2020.1/openmpi/4.0.3/bin
PATH: /comm/swstack/core/gcc/6.3.0/bin
PATH: /comm/swstack/core/intel/2020.1/compilers_and_libraries_2020/linux/mpi/intel64/bin
PATH: /comm/swstack/core/intel/2020.1/compilers_and_libraries_2020/linux/bin/intel64
PATH: /comm/swstack/core/intel/2020.1/bin
PATH: /home/stergios/miniconda3/bin
PATH: /home/stergios/miniconda3/condabin
PATH: /home/stergios/.local/bin
PATH: /home/stergios/sw/rclone-v1.51.0-linux-amd64
PATH: /home/stergios/sw/ncl_ncarg-6.2.1.Linux/bin
PATH: /home/stergios/sw/nco-4.6.0/bin
PATH: /home/stergios/sw/cdo-1.7.1/bin
PATH: /home/stergios/sw/netcdf-4.4.0/bin
PATH: /home/stergios/sw/udunits-2.2.20/bin
PATH: /home/stergios/sw/nedit-5.6/bin
PATH: /home/stergios/sw/flex-2.6.0/bin
PATH: /comm/lslurmes/bin
PATH: /com/slurm/bin
PATH: /com/bin
PATH: /usr/local/bin
PATH: /usr/bin
PATH: /usr/local/sbin
PATH: /usr/sbin
PATH: /opt/ibutils/bin
PATH: /home/stergios/bin


## ----------- ##
## Core tests. ##
## ----------- ##

configure:2914: checking for module environment
configure:2920: result: /comm/swstack/tools/lmod/8.5.12/lmod/lmod
configure:2923: checking for /comm/swstack/tools/lmod/8.5.12/lmod/lmod/init/sh
configure:2937: result: yes
configure:2956: checking for domain information
configure:3015: result: s81n11.grendel.cscaa.dk.grendel.cscaa.dk
configure:3020: checking for corresponding machine configuration
configure:3088: result: sgrendel.cscaa.dk
configure:3093: checking for config/mconfig.sgrendel.cscaa.dk
configure:3107: result: yes
configure:3110: checking for machine dependent configuration
configure:3161: result: config/mconfig.sgrendel.cscaa.dk
configure:3212: checking for GNU make
configure:3227: result: make
configure:3239: checking for version control system subdirectory
configure:3288: result: none
configure:3292: checking whether to compile with vcs tag information
configure:3295: result: no vcs found
configure:3317: checking for md5sum
configure:3333: found /usr/bin/md5sum
configure:3345: result: yes
configure:3406: checking for Fortran90 compiler version
configure:3411: result: ifort (IFORT) 19.1.1.217 20200306
configure:3463: checking for gcc
configure:3490: result: mpicc
configure:3719: checking for C compiler version
configure:3728: mpicc --version >&5
icc (ICC) 19.1.1.217 20200306
Copyright (C) 1985-2020 Intel Corporation.  All rights reserved.

configure:3739: $? = 0
configure:3728: mpicc -v >&5
icc version 19.1.1.217 (gcc version 6.3.0 compatibility)
configure:3739: $? = 0
configure:3728: mpicc -V >&5
Intel(R) C Intel(R) 64 Compiler for applications running on Intel(R) 64, Version 19.1.1.217 Build 20200306
Copyright (C) 1985-2020 Intel Corporation.  All rights reserved.

configure:3739: $? = 0
configure:3728: mpicc -qversion >&5
icc: command line warning #10006: ignoring unknown option '-qversion'
icc: command line error: no files specified; for help type "icc -help"
configure:3739: $? = 1
configure:3759: checking whether the C compiler works
configure:3781: mpicc -O -fp-model strict -Df2cFortran   conftest.c  >&5
configure:3785: $? = 0
configure:3833: result: yes
configure:3836: checking for C compiler default output file name
configure:3838: result: a.out
configure:3844: checking for suffix of executables
configure:3851: mpicc -o conftest -O -fp-model strict -Df2cFortran   conftest.c  >&5
configure:3855: $? = 0
configure:3877: result: 
configure:3899: checking whether we are cross compiling
configure:3907: mpicc -o conftest -O -fp-model strict -Df2cFortran   conftest.c  >&5
configure:3911: $? = 0
configure:3918: ./conftest
configure:3922: $? = 0
configure:3937: result: no
configure:3942: checking for suffix of object files
configure:3964: mpicc -c -O -fp-model strict -Df2cFortran  conftest.c >&5
configure:3968: $? = 0
configure:3989: result: o
configure:3993: checking whether we are using the GNU C compiler
configure:4012: mpicc -c -O -fp-model strict -Df2cFortran  conftest.c >&5
configure:4012: $? = 0
configure:4021: result: yes
configure:4030: checking whether mpicc accepts -g
configure:4050: mpicc -c -g  conftest.c >&5
configure:4050: $? = 0
configure:4091: result: yes
configure:4108: checking for mpicc option to accept ISO C89
configure:4171: mpicc  -c -O -fp-model strict -Df2cFortran  conftest.c >&5
configure:4171: $? = 0
configure:4184: result: none needed
configure:4211: checking how to run the C preprocessor
configure:4242: mpicc -E  conftest.c
configure:4242: $? = 0
configure:4256: mpicc -E  conftest.c
conftest.c(9): error #2379: cannot open source file "ac_nonexistent.h"
  #include <ac_nonexistent.h>
                             ^

configure:4256: $? = 2
configure: failed program was:
| /* confdefs.h */
| #define PACKAGE_NAME "MESSy"
| #define PACKAGE_TARNAME "messy"
| #define PACKAGE_VERSION "(messy_2.*)"
| #define PACKAGE_STRING "MESSy (messy_2.*)"
| #define PACKAGE_BUGREPORT "Patrick.Joeckel@dlr.de"
| #define PACKAGE_URL ""
| /* end confdefs.h.  */
| #include <ac_nonexistent.h>
configure:4281: result: mpicc -E
configure:4301: mpicc -E  conftest.c
configure:4301: $? = 0
configure:4315: mpicc -E  conftest.c
conftest.c(9): error #2379: cannot open source file "ac_nonexistent.h"
  #include <ac_nonexistent.h>
                             ^

configure:4315: $? = 2
configure: failed program was:
| /* confdefs.h */
| #define PACKAGE_NAME "MESSy"
| #define PACKAGE_TARNAME "messy"
| #define PACKAGE_VERSION "(messy_2.*)"
| #define PACKAGE_STRING "MESSy (messy_2.*)"
| #define PACKAGE_BUGREPORT "Patrick.Joeckel@dlr.de"
| #define PACKAGE_URL ""
| /* end confdefs.h.  */
| #include <ac_nonexistent.h>
configure:4344: checking for grep that handles long lines and -e
configure:4402: result: /usr/bin/grep
configure:4407: checking for egrep
configure:4469: result: /usr/bin/grep -E
configure:4474: checking for ANSI C header files
configure:4494: mpicc -c -O -fp-model strict -Df2cFortran  conftest.c >&5
configure:4494: $? = 0
configure:4567: mpicc -o conftest -O -fp-model strict -Df2cFortran   conftest.c  >&5
configure:4567: $? = 0
configure:4567: ./conftest
configure:4567: $? = 0
configure:4578: result: yes
configure:4591: checking for sys/types.h
configure:4591: mpicc -c -O -fp-model strict -Df2cFortran  conftest.c >&5
configure:4591: $? = 0
configure:4591: result: yes
configure:4591: checking for sys/stat.h
configure:4591: mpicc -c -O -fp-model strict -Df2cFortran  conftest.c >&5
configure:4591: $? = 0
configure:4591: result: yes
configure:4591: checking for stdlib.h
configure:4591: mpicc -c -O -fp-model strict -Df2cFortran  conftest.c >&5
configure:4591: $? = 0
configure:4591: result: yes
configure:4591: checking for string.h
configure:4591: mpicc -c -O -fp-model strict -Df2cFortran  conftest.c >&5
configure:4591: $? = 0
configure:4591: result: yes
configure:4591: checking for memory.h
configure:4591: mpicc -c -O -fp-model strict -Df2cFortran  conftest.c >&5
configure:4591: $? = 0
configure:4591: result: yes
configure:4591: checking for strings.h
configure:4591: mpicc -c -O -fp-model strict -Df2cFortran  conftest.c >&5
configure:4591: $? = 0
configure:4591: result: yes
configure:4591: checking for inttypes.h
configure:4591: mpicc -c -O -fp-model strict -Df2cFortran  conftest.c >&5
configure:4591: $? = 0
configure:4591: result: yes
configure:4591: checking for stdint.h
configure:4591: mpicc -c -O -fp-model strict -Df2cFortran  conftest.c >&5
configure:4591: $? = 0
configure:4591: result: yes
configure:4591: checking for unistd.h
configure:4591: mpicc -c -O -fp-model strict -Df2cFortran  conftest.c >&5
configure:4591: $? = 0
configure:4591: result: yes
configure:4603: checking whether byte ordering is bigendian
configure:4618: mpicc -c -O -fp-model strict -Df2cFortran  conftest.c >&5
conftest.c(20): error: identifier "not" is undefined
  	       not a universal capable compiler
  	       ^

conftest.c(20): error: expected a ";"
  	       not a universal capable compiler
  	             ^

compilation aborted for conftest.c (code 2)
configure:4618: $? = 2
configure: failed program was:
| /* confdefs.h */
| #define PACKAGE_NAME "MESSy"
| #define PACKAGE_TARNAME "messy"
| #define PACKAGE_VERSION "(messy_2.*)"
| #define PACKAGE_STRING "MESSy (messy_2.*)"
| #define PACKAGE_BUGREPORT "Patrick.Joeckel@dlr.de"
| #define PACKAGE_URL ""
| #define STDC_HEADERS 1
| #define HAVE_SYS_TYPES_H 1
| #define HAVE_SYS_STAT_H 1
| #define HAVE_STDLIB_H 1
| #define HAVE_STRING_H 1
| #define HAVE_MEMORY_H 1
| #define HAVE_STRINGS_H 1
| #define HAVE_INTTYPES_H 1
| #define HAVE_STDINT_H 1
| #define HAVE_UNISTD_H 1
| /* end confdefs.h.  */
| #ifndef __APPLE_CC__
| 	       not a universal capable compiler
| 	     #endif
| 	     typedef int dummy;
| 
configure:4663: mpicc -c -O -fp-model strict -Df2cFortran  conftest.c >&5
configure:4663: $? = 0
configure:4681: mpicc -c -O -fp-model strict -Df2cFortran  conftest.c >&5
conftest.c(26): error: identifier "not" is undefined
  		 not big endian
  		 ^

conftest.c(26): error: expected a ";"
  		 not big endian
  		         ^

conftest.c(29): warning #12: parsing restarts here after previous syntax error
    ;
    ^

compilation aborted for conftest.c (code 2)
configure:4681: $? = 2
configure: failed program was:
| /* confdefs.h */
| #define PACKAGE_NAME "MESSy"
| #define PACKAGE_TARNAME "messy"
| #define PACKAGE_VERSION "(messy_2.*)"
| #define PACKAGE_STRING "MESSy (messy_2.*)"
| #define PACKAGE_BUGREPORT "Patrick.Joeckel@dlr.de"
| #define PACKAGE_URL ""
| #define STDC_HEADERS 1
| #define HAVE_SYS_TYPES_H 1
| #define HAVE_SYS_STAT_H 1
| #define HAVE_STDLIB_H 1
| #define HAVE_STRING_H 1
| #define HAVE_MEMORY_H 1
| #define HAVE_STRINGS_H 1
| #define HAVE_INTTYPES_H 1
| #define HAVE_STDINT_H 1
| #define HAVE_UNISTD_H 1
| /* end confdefs.h.  */
| #include <sys/types.h>
| 		#include <sys/param.h>
| 
| int
| main ()
| {
| #if BYTE_ORDER != BIG_ENDIAN
| 		 not big endian
| 		#endif
| 
|   ;
|   return 0;
| }
configure:4809: result: no
configure:4887: checking for g++
configure:4903: found /comm/swstack/core/gcc/6.3.0/bin/g++
configure:4914: result: g++
configure:4941: checking for C++ compiler version
configure:4950: g++ --version >&5
g++ (GCC) 6.3.0
Copyright (C) 2016 Free Software Foundation, Inc.
This is free software; see the source for copying conditions.  There is NO
warranty; not even for MERCHANTABILITY or FITNESS FOR A PARTICULAR PURPOSE.

configure:4961: $? = 0
configure:4950: g++ -v >&5
Using built-in specs.
COLLECT_GCC=g++
COLLECT_LTO_WRAPPER=/home/comm/swstack/core/gcc/6.3.0/bin/../libexec/gcc/x86_64-pc-linux-gnu/6.3.0/lto-wrapper
Target: x86_64-pc-linux-gnu
Configured with: ../configure --enable-lto --disable-multilib --enable-bootstrap --enable-shared --enable-threads=posix --prefix=/comm/swstack/core/gcc/6.3.0 --with-local-prefix=/comm/swstack/core/gcc/6.3.0
Thread model: posix
gcc version 6.3.0 (GCC) 
configure:4961: $? = 0
configure:4950: g++ -V >&5
g++: error: unrecognized command line option '-V'
g++: fatal error: no input files
compilation terminated.
configure:4961: $? = 1
configure:4950: g++ -qversion >&5
g++: error: unrecognized command line option '-qversion'; did you mean '--version'?
g++: fatal error: no input files
compilation terminated.
configure:4961: $? = 1
configure:4965: checking whether we are using the GNU C++ compiler
configure:4984: g++ -c   conftest.cpp >&5
configure:4984: $? = 0
configure:4993: result: yes
configure:5002: checking whether g++ accepts -g
configure:5022: g++ -c -g  conftest.cpp >&5
configure:5022: $? = 0
configure:5063: result: yes
configure:5130: checking for ranlib
configure:5146: found /usr/bin/ranlib
configure:5157: result: ranlib
configure:5186: checking for f90
configure:5213: result: mpifort
configure:5243: checking for perl
configure:5263: found /usr/bin/perl
configure:5276: result: /usr/bin/perl
configure:5321: checking for forcheck libraries
configure:5330: result: <none specified>
configure:5332: checking for FCKLIBS in config/mconfig.sgrendel.cscaa.dk
configure:5335: result: <empty>
configure:5357: checking for message passing interface (MPI)
configure:5382: result: enabled ...
configure:5384: checking ... for MPI environment
configure:5388: result: using compiler wrapper for MPI
configure:5497: checking for user defined netcdf library path
configure:5506: result: <none defined>
configure:5508: checking for NETCDFROOT in config/mconfig.sgrendel.cscaa.dk
configure:5517: result: /home/stergios/sw/netcdf-3.6.3-intel
configure:5520: checking for /home/stergios/sw/netcdf-3.6.3-intel/bin/nf-config
configure:5534: result: no
configure:5610: checking for /home/stergios/sw/netcdf-3.6.3-intel/include/netcdf.inc
configure:5624: result: yes
configure:5635: checking for nc_inq_libvers in -lnetcdf
configure:5660: mpicc -o conftest -O -fp-model strict -Df2cFortran  -L/home/stergios/sw/netcdf-3.6.3-intel/lib conftest.c -lnetcdf   >&5
configure:5660: $? = 0
configure:5669: result: yes
configure:5678: checking whether netcdf library is with f90 support
configure:5682: result: yes
configure:5689: checking for /home/stergios/sw/netcdf-3.6.3-intel/include/netcdf.mod
configure:5703: result: yes
configure:5840: checking for user defined external blas library path
configure:5844: result: <none defined>
configure:5846: checking for non-default blas library in config/mconfig.sgrendel.cscaa.dk
configure:5849: result: <no directory BLASROOT defined>
configure:5952: checking for user defined external lapack library path
configure:5956: result: <none defined>
configure:5958: checking for non-default lapack library in config/mconfig.sgrendel.cscaa.dk
configure:5961: result: <no directory LAPACKROOT defined>
configure:6064: checking for cdi library
configure:6068: result: disabled
configure:6140: checking for parallel-netcdf library
configure:6147: result: enabled
configure:6152: checking for parallel-netcdf library root directory
configure:6155: result: PNETCDFROOT not set in config/mconfig.sgrendel.cscaa.dk
configure:6241: checking for yaxt library
configure:6245: result: disabled
configure:6347: checking for t8code library
configure:6351: result: disabled
configure:6429: checking for CUDA library
configure:6433: result: disabled
configure:6482: checking for user defined additional external libraries
configure:6486: result: <none specified>
configure:6488: checking for SPEC_LIB in config/mconfig.sgrendel.cscaa.dk
configure:6491: result: <empty>
configure:6534: checking for MESSy
configure:6537: result: enabled
configure:6544: checking for parallel NCREGRID
configure:6548: result: enabled
configure:6568: checking for MESSy TENDENCY
configure:6576: result: disabled
configure:6583: checking for MESSy IDealized Test Cases (ECHAM5)
configure:6591: result: disabled
configure:6599: checking for OASIS3MCT
configure:6617: result: disabled
configure:6624: checking for MESSy MMD
configure:6627: result: enabled
configure:6642: checking for MPIOM source
configure:6652: result: yes (version=MPIOM_13B)
configure:6665: checking for crm
configure:6668: result: yes
configure:6681: checking for guess
configure:6703: result: disabled
configure:6718: checking for POSIX90
configure:6746: result: disabled
configure:6753: checking for FORPY
configure:6831: result: disabled
configure:6838: checking for ASYNCF
configure:6850: result: disabled
configure:6857: checking for hybrid parallelisation with openMP
configure:6875: result: disabled
configure:6903: checking for qhull (for CLaMS)
configure:6906: result: yes
configure:6918: checking for isorropia (for GMXE)
configure:6921: result: yes
configure:6939: result: no
configure:7089: checking for echam5/Makefile.in
configure:7102: result: yes
configure:7112: checking ... with scalable ghosting
configure:7124: result: disabled
configure:7175: checking for cosmo/Makefile.in
configure:7188: result: yes
configure:7198: checking ... with int2cosmo compiled in
configure:7201: result: enabled
configure:7228: checking ... with COSMO2MOM compiled in
configure:7237: result: disabled
configure:7243: checking ... with COSMOCLOUDRAD compiled in
configure:7253: result: disabled
configure:7259: checking ... with COSMOEULAG compiled in
configure:7268: result: disabled
configure:7274: checking ... with COSMORADARFWO compiled in
configure:7283: result: disabled
configure:7444: checking if libsrc/pio library needs to be configured
configure:7448: result: no
configure:7490: checking if libsrc/mct library needs to be configured
configure:7494: result: no
configure:7527: checking if libsrc/oasis3-mct/lib/mct/build library needs to be configured
configure:7531: result: no
configure:7566: checking if config.h for echam5/support needs to be configured
configure:7575: result: yes
configure:7582: checking for ANSI C header files
configure:7686: result: yes
configure:7697: checking fcntl.h usability
configure:7697: mpicc -c -O -fp-model strict -Df2cFortran  conftest.c >&5
configure:7697: $? = 0
configure:7697: result: yes
configure:7697: checking fcntl.h presence
configure:7697: mpicc -E  conftest.c
configure:7697: $? = 0
configure:7697: result: yes
configure:7697: checking for fcntl.h
configure:7697: result: yes
configure:7697: checking fortran.h usability
configure:7697: mpicc -c -O -fp-model strict -Df2cFortran  conftest.c >&5
conftest.c(54): catastrophic error: cannot open source file "fortran.h"
  #include <fortran.h>
                      ^

compilation aborted for conftest.c (code 4)
configure:7697: $? = 4
configure: failed program was:
| /* confdefs.h */
| #define PACKAGE_NAME "MESSy"
| #define PACKAGE_TARNAME "messy"
| #define PACKAGE_VERSION "(messy_2.*)"
| #define PACKAGE_STRING "MESSy (messy_2.*)"
| #define PACKAGE_BUGREPORT "Patrick.Joeckel@dlr.de"
| #define PACKAGE_URL ""
| #define STDC_HEADERS 1
| #define HAVE_SYS_TYPES_H 1
| #define HAVE_SYS_STAT_H 1
| #define HAVE_STDLIB_H 1
| #define HAVE_STRING_H 1
| #define HAVE_MEMORY_H 1
| #define HAVE_STRINGS_H 1
| #define HAVE_INTTYPES_H 1
| #define HAVE_STDINT_H 1
| #define HAVE_UNISTD_H 1
| #define STDC_HEADERS 1
| #define HAVE_FCNTL_H 1
| /* end confdefs.h.  */
| #include <stdio.h>
| #ifdef HAVE_SYS_TYPES_H
| # include <sys/types.h>
| #endif
| #ifdef HAVE_SYS_STAT_H
| # include <sys/stat.h>
| #endif
| #ifdef STDC_HEADERS
| # include <stdlib.h>
| # include <stddef.h>
| #else
| # ifdef HAVE_STDLIB_H
| #  include <stdlib.h>
| # endif
| #endif
| #ifdef HAVE_STRING_H
| # if !defined STDC_HEADERS && defined HAVE_MEMORY_H
| #  include <memory.h>
| # endif
| # include <string.h>
| #endif
| #ifdef HAVE_STRINGS_H
| # include <strings.h>
| #endif
| #ifdef HAVE_INTTYPES_H
| # include <inttypes.h>
| #endif
| #ifdef HAVE_STDINT_H
| # include <stdint.h>
| #endif
| #ifdef HAVE_UNISTD_H
| # include <unistd.h>
| #endif
| #include <fortran.h>
configure:7697: result: no
configure:7697: checking fortran.h presence
configure:7697: mpicc -E  conftest.c
conftest.c(21): error #2379: cannot open source file "fortran.h"
  #include <fortran.h>
                      ^

configure:7697: $? = 2
configure: failed program was:
| /* confdefs.h */
| #define PACKAGE_NAME "MESSy"
| #define PACKAGE_TARNAME "messy"
| #define PACKAGE_VERSION "(messy_2.*)"
| #define PACKAGE_STRING "MESSy (messy_2.*)"
| #define PACKAGE_BUGREPORT "Patrick.Joeckel@dlr.de"
| #define PACKAGE_URL ""
| #define STDC_HEADERS 1
| #define HAVE_SYS_TYPES_H 1
| #define HAVE_SYS_STAT_H 1
| #define HAVE_STDLIB_H 1
| #define HAVE_STRING_H 1
| #define HAVE_MEMORY_H 1
| #define HAVE_STRINGS_H 1
| #define HAVE_INTTYPES_H 1
| #define HAVE_STDINT_H 1
| #define HAVE_UNISTD_H 1
| #define STDC_HEADERS 1
| #define HAVE_FCNTL_H 1
| /* end confdefs.h.  */
| #include <fortran.h>
configure:7697: result: no
configure:7697: checking for fortran.h
configure:7697: result: no
configure:7697: checking limits.h usability
configure:7697: mpicc -c -O -fp-model strict -Df2cFortran  conftest.c >&5
configure:7697: $? = 0
configure:7697: result: yes
configure:7697: checking limits.h presence
configure:7697: mpicc -E  conftest.c
configure:7697: $? = 0
configure:7697: result: yes
configure:7697: checking for limits.h
configure:7697: result: yes
configure:7697: checking malloc.h usability
configure:7697: mpicc -c -O -fp-model strict -Df2cFortran  conftest.c >&5
configure:7697: $? = 0
configure:7697: result: yes
configure:7697: checking malloc.h presence
configure:7697: mpicc -E  conftest.c
configure:7697: $? = 0
configure:7697: result: yes
configure:7697: checking for malloc.h
configure:7697: result: yes
configure:7697: checking netdb.h usability
configure:7697: mpicc -c -O -fp-model strict -Df2cFortran  conftest.c >&5
configure:7697: $? = 0
configure:7697: result: yes
configure:7697: checking netdb.h presence
configure:7697: mpicc -E  conftest.c
configure:7697: $? = 0
configure:7697: result: yes
configure:7697: checking for netdb.h
configure:7697: result: yes
configure:7697: checking pwd.h usability
configure:7697: mpicc -c -O -fp-model strict -Df2cFortran  conftest.c >&5
configure:7697: $? = 0
configure:7697: result: yes
configure:7697: checking pwd.h presence
configure:7697: mpicc -E  conftest.c
configure:7697: $? = 0
configure:7697: result: yes
configure:7697: checking for pwd.h
configure:7697: result: yes
configure:7697: checking for unistd.h
configure:7697: result: yes
configure:7697: checking sys/param.h usability
configure:7697: mpicc -c -O -fp-model strict -Df2cFortran  conftest.c >&5
configure:7697: $? = 0
configure:7697: result: yes
configure:7697: checking sys/param.h presence
configure:7697: mpicc -E  conftest.c
configure:7697: $? = 0
configure:7697: result: yes
configure:7697: checking for sys/param.h
configure:7697: result: yes
configure:7697: checking sys/time.h usability
configure:7697: mpicc -c -O -fp-model strict -Df2cFortran  conftest.c >&5
configure:7697: $? = 0
configure:7697: result: yes
configure:7697: checking sys/time.h presence
configure:7697: mpicc -E  conftest.c
configure:7697: $? = 0
configure:7697: result: yes
configure:7697: checking for sys/time.h
configure:7697: result: yes
configure:7697: checking sys/unistd.h usability
configure:7697: mpicc -c -O -fp-model strict -Df2cFortran  conftest.c >&5
configure:7697: $? = 0
configure:7697: result: yes
configure:7697: checking sys/unistd.h presence
configure:7697: mpicc -E  conftest.c
configure:7697: $? = 0
configure:7697: result: yes
configure:7697: checking for sys/unistd.h
configure:7697: result: yes
configure:7697: checking sys/utsname.h usability
configure:7697: mpicc -c -O -fp-model strict -Df2cFortran  conftest.c >&5
configure:7697: $? = 0
configure:7697: result: yes
configure:7697: checking sys/utsname.h presence
configure:7697: mpicc -E  conftest.c
configure:7697: $? = 0
configure:7697: result: yes
configure:7697: checking for sys/utsname.h
configure:7697: result: yes
configure:7708: checking for an ANSI C-conforming const
configure:7774: mpicc -c -O -fp-model strict -Df2cFortran  conftest.c >&5
configure:7774: $? = 0
configure:7781: result: yes
configure:7789: checking whether time.h and sys/time.h may both be included
configure:7809: mpicc -c -O -fp-model strict -Df2cFortran  conftest.c >&5
configure:7809: $? = 0
configure:7816: result: yes
configure:7828: checking for getrusage
configure:7828: mpicc -o conftest -O -fp-model strict -Df2cFortran   conftest.c  >&5
configure:7828: $? = 0
configure:7828: result: yes
configure:7828: checking for gettimeofday
configure:7828: mpicc -o conftest -O -fp-model strict -Df2cFortran   conftest.c  >&5
configure:7828: $? = 0
configure:7828: result: yes
configure:7828: checking for sysconf
configure:7828: mpicc -o conftest -O -fp-model strict -Df2cFortran   conftest.c  >&5
configure:7828: $? = 0
configure:7828: result: yes
configure:7828: checking for uname
configure:7828: mpicc -o conftest -O -fp-model strict -Df2cFortran   conftest.c  >&5
configure:7828: $? = 0
configure:7828: result: yes
configure:7828: checking for valloc
configure:7828: mpicc -o conftest -O -fp-model strict -Df2cFortran   conftest.c  >&5
configure:7828: $? = 0
configure:7828: result: yes
configure:7839: checking whether byte ordering is bigendian
configure:8045: result: no
configure:8069: checking size of char
configure:8074: mpicc -o conftest -O -fp-model strict -Df2cFortran   conftest.c  >&5
configure:8074: $? = 0
configure:8074: ./conftest
configure:8074: $? = 0
configure:8088: result: 1
configure:8102: checking size of short
configure:8107: mpicc -o conftest -O -fp-model strict -Df2cFortran   conftest.c  >&5
configure:8107: $? = 0
configure:8107: ./conftest
configure:8107: $? = 0
configure:8121: result: 2
configure:8135: checking size of int
configure:8140: mpicc -o conftest -O -fp-model strict -Df2cFortran   conftest.c  >&5
configure:8140: $? = 0
configure:8140: ./conftest
configure:8140: $? = 0
configure:8154: result: 4
configure:8168: checking size of long
configure:8173: mpicc -o conftest -O -fp-model strict -Df2cFortran   conftest.c  >&5
configure:8173: $? = 0
configure:8173: ./conftest
configure:8173: $? = 0
configure:8187: result: 8
configure:8201: checking size of long long
configure:8206: mpicc -o conftest -O -fp-model strict -Df2cFortran   conftest.c  >&5
configure:8206: $? = 0
configure:8206: ./conftest
configure:8206: $? = 0
configure:8220: result: 8
configure:8234: checking size of float
configure:8239: mpicc -o conftest -O -fp-model strict -Df2cFortran   conftest.c  >&5
configure:8239: $? = 0
configure:8239: ./conftest
configure:8239: $? = 0
configure:8253: result: 4
configure:8267: checking size of double
configure:8272: mpicc -o conftest -O -fp-model strict -Df2cFortran   conftest.c  >&5
configure:8272: $? = 0
configure:8272: ./conftest
configure:8272: $? = 0
configure:8286: result: 8
configure:8300: checking size of long double
configure:8305: mpicc -o conftest -O -fp-model strict -Df2cFortran   conftest.c  >&5
configure:8305: $? = 0
configure:8305: ./conftest
configure:8305: $? = 0
configure:8319: result: 16
configure:8333: checking size of int *
configure:8338: mpicc -o conftest -O -fp-model strict -Df2cFortran   conftest.c  >&5
configure:8338: $? = 0
configure:8338: ./conftest
configure:8338: $? = 0
configure:8352: result: 8
configure:8375: checking for integer*1
configure:8391: result: yes
configure:8395: checking for integer*2
configure:8411: result: yes
configure:8415: checking for integer*4
configure:8431: result: yes
configure:8435: checking for integer*8
configure:8451: result: yes
configure:8455: checking for integer*16
configure:8465: result: no
configure:8475: checking for real*4
configure:8491: result: yes
configure:8495: checking for real*8
configure:8511: result: yes
configure:8515: checking for real*16
configure:8531: result: yes
configure:8535: checking for double complex
configure:8551: result: yes
configure:8555: checking for complex*8
configure:8571: result: yes
configure:8575: checking for complex*16
configure:8591: result: yes
configure:8595: checking for complex*32
configure:8611: result: yes
configure:8619: checking for size of Fortran INTEGER
configure:8641: result:            4
configure:8660: checking for size of Fortran REAL
configure:8687: result:            4
configure:8723: checking for Fortran INTEGER*1
configure:8733: result: found
configure:8723: checking for Fortran INTEGER*2
configure:8733: result: found
configure:8723: checking for Fortran INTEGER*4
configure:8733: result: found
configure:8723: checking for Fortran INTEGER*8
configure:8733: result: found
configure:8723: checking for Fortran INTEGER*16
configure:8742: result: not supported
configure:8752: checking for Fortran REAL*4 and COMPLEX*8
configure:8772: result: found
configure:8752: checking for Fortran REAL*8 and COMPLEX*16
configure:8772: result: found
configure:8752: checking for Fortran REAL*16 and COMPLEX*32
configure:8782: result: not supported
configure:8787: checking for Fortran INTEGER
configure:8796: result: found
configure:8809: checking for Fortran REAL
configure:8818: result: found
configure:9073: creating ./config.status

## ---------------------- ##
## Running config.status. ##
## ---------------------- ##

This file was extended by MESSy config.status (messy_2.*), which was
generated by GNU Autoconf 2.69.  Invocation command line was

  CONFIG_FILES    = 
  CONFIG_HEADERS  = 
  CONFIG_LINKS    = 
  CONFIG_COMMANDS = 
  $ ./config.status 

on s81n11.grendel.cscaa.dk

config.status:950: creating Makefile
config.status:950: creating messy/util/locate_f90.sh
config.status:950: creating messy/util/sfmakedepend.pl
config.status:950: creating messy/util/genf90.pl
config.status:950: creating messy/mbm/caaba/mecca/check_eqns.pl
config.status:950: creating echam5/Makefile
config.status:950: creating cosmo/Makefile
config.status:950: creating config/config.h
config.status:1120: config/config.h is unchanged

## ---------------- ##
## Cache variables. ##
## ---------------- ##

ac_cv_c_bigendian=no
ac_cv_c_compiler_gnu=yes
ac_cv_c_const=yes
ac_cv_cxx_compiler_gnu=yes
ac_cv_env_BLASLIB_set=
ac_cv_env_BLASLIB_value=
ac_cv_env_CCC_set=
ac_cv_env_CCC_value=
ac_cv_env_CC_set=
ac_cv_env_CC_value=
ac_cv_env_CESM1HRES_set=
ac_cv_env_CESM1HRES_value=
ac_cv_env_CESM1VRES_set=
ac_cv_env_CESM1VRES_value=
ac_cv_env_CFLAGS_set=
ac_cv_env_CFLAGS_value=
ac_cv_env_COMPILER_set=
ac_cv_env_COMPILER_value=
ac_cv_env_CONF_set=
ac_cv_env_CONF_value=
ac_cv_env_CPPFLAGS_set=
ac_cv_env_CPPFLAGS_value=
ac_cv_env_CPP_set=
ac_cv_env_CPP_value=
ac_cv_env_CXXFLAGS_set=
ac_cv_env_CXXFLAGS_value=
ac_cv_env_CXX_set=
ac_cv_env_CXX_value=
ac_cv_env_LAPACKLIB_set=
ac_cv_env_LAPACKLIB_value=
ac_cv_env_LDFLAGS_set=
ac_cv_env_LDFLAGS_value=
ac_cv_env_LIBS_set=
ac_cv_env_LIBS_value=
ac_cv_env_PROFILEMODE_set=
ac_cv_env_PROFILEMODE_value=
ac_cv_env_RUNMODE_set=
ac_cv_env_RUNMODE_value=
ac_cv_env_build_alias_set=
ac_cv_env_build_alias_value=
ac_cv_env_host_alias_set=
ac_cv_env_host_alias_value=
ac_cv_env_target_alias_set=
ac_cv_env_target_alias_value=
ac_cv_file__comm_swstack_tools_lmod_8_5_12_lmod_lmod_init_sh=yes
ac_cv_file__home_stergios_sw_netcdf_3_6_3_intel_bin_nf_config=no
ac_cv_file__home_stergios_sw_netcdf_3_6_3_intel_include_netcdf_inc=yes
ac_cv_file__home_stergios_sw_netcdf_3_6_3_intel_include_netcdf_mod=yes
ac_cv_file_config_mconfig_sgrendel_cscaa_dk=yes
ac_cv_file_cosmo_Makefile_in=yes
ac_cv_file_echam5_Makefile_in=yes
ac_cv_func_getrusage=yes
ac_cv_func_gettimeofday=yes
ac_cv_func_sysconf=yes
ac_cv_func_uname=yes
ac_cv_func_valloc=yes
ac_cv_header_fcntl_h=yes
ac_cv_header_fortran_h=no
ac_cv_header_inttypes_h=yes
ac_cv_header_limits_h=yes
ac_cv_header_malloc_h=yes
ac_cv_header_memory_h=yes
ac_cv_header_netdb_h=yes
ac_cv_header_pwd_h=yes
ac_cv_header_stdc=yes
ac_cv_header_stdint_h=yes
ac_cv_header_stdlib_h=yes
ac_cv_header_string_h=yes
ac_cv_header_strings_h=yes
ac_cv_header_sys_param_h=yes
ac_cv_header_sys_stat_h=yes
ac_cv_header_sys_time_h=yes
ac_cv_header_sys_types_h=yes
ac_cv_header_sys_unistd_h=yes
ac_cv_header_sys_utsname_h=yes
ac_cv_header_time=yes
ac_cv_header_unistd_h=yes
ac_cv_lib_netcdf_nc_inq_libvers=yes
ac_cv_objext=o
ac_cv_path_EGREP='/usr/bin/grep -E'
ac_cv_path_GREP=/usr/bin/grep
ac_cv_path_PERL=/usr/bin/perl
ac_cv_prog_CPP='mpicc -E'
ac_cv_prog_F90=mpifort
ac_cv_prog_MD5SUM_PRESENT=yes
ac_cv_prog_ac_ct_CC=mpicc
ac_cv_prog_ac_ct_CXX=g++
ac_cv_prog_ac_ct_RANLIB=ranlib
ac_cv_prog_cc_c89=
ac_cv_prog_cc_g=yes
ac_cv_prog_cxx_g=yes
ac_cv_sizeof_char=1
ac_cv_sizeof_double=8
ac_cv_sizeof_float=4
ac_cv_sizeof_int=4
ac_cv_sizeof_int_p=8
ac_cv_sizeof_long=8
ac_cv_sizeof_long_double=16
ac_cv_sizeof_long_long=8
ac_cv_sizeof_short=2
llvm_cv_gnu_make_command=make

## ----------------- ##
## Output variables. ##
## ----------------- ##

AR='ar'
ARCH='LINUX64'
ARFLAGS='crv'
AS='as'
ASYNCF_DEF=''
ASYNCF_INCLUDE=''
ASYNCF_LIB=''
BLASLIB=''
CC='mpicc'
CCLM=''
CCLMNEW=''
CCLMORI=''
CDI_DEF=''
CDI_INCLUDE=''
CDI_LIB=''
CESM1DYCORE=''
CESM1HRES=''
CESM1VRES=''
CESM1_INCLUDE=''
CESM1_LIB=''
CFLAGS='-O -fp-model strict -Df2cFortran'
CLM_INCLUDE=''
CLM_LIB=''
COMPILER=''
CONF=''
COSMO2MOM=''
COSMO='COSMO'
COSMOCLOUDRAD=''
COSMOEULAG=''
COSMORADARFWO=''
COSMO_INCLUDE='   -I../../libsrc/mmd/src -I/home/stergios/sw/netcdf-3.6.3-intel/include -I/home/stergios/sw/netcdf-3.6.3-intel/include    '
COSMO_LIB=' -L../../lib -lgrib1 -L../../lib -lRTTOV7_synsat_new -L../../lib -lconvifs -L../../lib -lsupport -L../../lib -lmessy -lcrm -lqhull -lisorropia  -L../../lib -lmmd -L/home/stergios/sw/netcdf-3.6.3-intel/lib -lnetcdf    '
COSMO_SRC='src'
CPP='mpicc -E'
CPPFLAGS=''
CUDA_DEF=''
CUDA_LIB=''
CXX='g++'
CXXFLAGS='-g -O2'
DEFOPT='-D'
DEFS='-DHAVE_CONFIG_H'
E5SGHOST=''
ECHAM5_INCLUDE='   -I../../libsrc/mmd/src -I/home/stergios/sw/netcdf-3.6.3-intel/include -I/home/stergios/sw/netcdf-3.6.3-intel/include     '
ECHAM5_LIB=' -L../../lib -lmpiom -L../../lib -llapack -L../../lib -lblas -L../../lib -lsupport -L../../lib -lmessy -lcrm -lqhull -lisorropia  -L../../lib -lmmd -L/home/stergios/sw/netcdf-3.6.3-intel/lib -lnetcdf      '
ECHO_C=''
ECHO_N='-n'
ECHO_T=''
EGREP='/usr/bin/grep -E'
ENDIAN='LITTLE_ENDIAN'
EXEEXT=''
EXTMODCASE='asis'
F90='mpifort'
F90FLAGS='-O3 -fpp -heap-arrays -fp-model strict -lpthread -save-temps -fno-alias -align all'
F90NOO3=''
F90R8='-autodouble'
F90VERS='ifort (IFORT) 19.1.1.217 20200306'
FC='mpifort'
FCKLIBS=''
FESOM2_INCLUDE=''
FESOM2_LIB=''
FFLAGS='-O3 -fpp -heap-arrays'
FORPY_DEF=''
FORPY_INCLUDE=''
FORPY_LIB=''
GREP='/usr/bin/grep'
GUESS=''
I2CINC='I2CINC'
I2C_SRC='src_i2c'
ICON_INCLUDE=''
ICON_LIB=''
INCOPT='-I'
LAPACKLIB=''
LD=''
LDFLAGS=''
LIBOBJS=''
LIBS=''
LIBSRCS='echam5/blas echam5/lapack echam5/support libsrc/crm libsrc/dwdlibgrib1/source libsrc/ifs libsrc/isorropia libsrc/mmd/src libsrc/qhull libsrc/rttov7_synsat_vector/src messy/smcl mpiom/src '
LINKMODE=''
LTLIBOBJS=''
MD5SUM_PRESENT='yes'
MESSY='MESSY'
MESSYIDTC=''
MESSYMMD='MESSYMMD'
MESSYTENDENCY=''
MESSYTWOWAY=''
MESSYVCS=''
MODOPT='-I'
MPI2_INCLUDE=''
MPI2_LIB=''
MPI=''
MPICXX=''
MPICXXFLAGS=''
MPIOMVERS='MPIOM_13B'
NETCDF_INCLUDE='-I/home/stergios/sw/netcdf-3.6.3-intel/include -I/home/stergios/sw/netcdf-3.6.3-intel/include'
NETCDF_LIB='-L/home/stergios/sw/netcdf-3.6.3-intel/lib -lnetcdf'
NMFLAGS=''
OASIS3MCT=''
OBJEXT='o'
PACKAGE_BUGREPORT='Patrick.Joeckel@dlr.de'
PACKAGE_NAME='MESSy'
PACKAGE_STRING='MESSy (messy_2.*)'
PACKAGE_TARNAME='messy'
PACKAGE_URL=''
PACKAGE_VERSION='(messy_2.*)'
PATH_SEPARATOR=':'
PERL='/usr/bin/perl'
PNCREGRID='PNCREGRID'
PNETCDF_DEF=''
PNETCDF_INCLUDE=''
PNETCDF_LIB=''
POSIX90_DEF=''
POSIX90_INCLUDE=''
POSIX90_LIB=''
PREF90=''
PROFILEMODE='NONE'
PY3CONFIG=''
PYTHON_LIB=''
RANLIB='ranlib'
RUNMODE='PRODUCTION'
SHELL='/bin/sh'
T8CODEROOT=''
T8CODE_DEF=''
T8CODE_INCLUDE=''
T8CODE_LIB=''
VCS=''
WLPOPT='-Wl,-rpath,'
YAXTROOT=''
YAXT_DEF=''
YAXT_INCLUDE=''
YAXT_LIB=''
_MESSY_OMP=''
ac_ct_CC='mpicc'
ac_ct_CXX='g++'
bindir='${exec_prefix}/bin'
build_alias=''
datadir='${datarootdir}'
datarootdir='${prefix}/share'
docdir='${datarootdir}/doc/${PACKAGE_TARNAME}'
dvidir='${docdir}'
exec_prefix='${prefix}'
host_alias=''
htmldir='${docdir}'
includedir='${prefix}/include'
infodir='${datarootdir}/info'
libdir='${exec_prefix}/lib'
libexecdir='${exec_prefix}/libexec'
localedir='${datarootdir}/locale'
localstatedir='${prefix}/var'
mandir='${datarootdir}/man'
oldincludedir='/usr/include'
pdfdir='${docdir}'
prefix='.'
program_transform_name='s,x,x,'
psdir='${docdir}'
sbindir='${exec_prefix}/sbin'
sharedstatedir='${prefix}/com'
sysconfdir='${prefix}/etc'
target_alias=''

## ----------- ##
## confdefs.h. ##
## ----------- ##

/* confdefs.h */
#define PACKAGE_NAME "MESSy"
#define PACKAGE_TARNAME "messy"
#define PACKAGE_VERSION "(messy_2.*)"
#define PACKAGE_STRING "MESSy (messy_2.*)"
#define PACKAGE_BUGREPORT "Patrick.Joeckel@dlr.de"
#define PACKAGE_URL ""
#define STDC_HEADERS 1
#define HAVE_SYS_TYPES_H 1
#define HAVE_SYS_STAT_H 1
#define HAVE_STDLIB_H 1
#define HAVE_STRING_H 1
#define HAVE_MEMORY_H 1
#define HAVE_STRINGS_H 1
#define HAVE_INTTYPES_H 1
#define HAVE_STDINT_H 1
#define HAVE_UNISTD_H 1
#define STDC_HEADERS 1
#define HAVE_FCNTL_H 1
#define HAVE_LIMITS_H 1
#define HAVE_MALLOC_H 1
#define HAVE_NETDB_H 1
#define HAVE_PWD_H 1
#define HAVE_UNISTD_H 1
#define HAVE_SYS_PARAM_H 1
#define HAVE_SYS_TIME_H 1
#define HAVE_SYS_UNISTD_H 1
#define HAVE_SYS_UTSNAME_H 1
#define TIME_WITH_SYS_TIME 1
#define HAVE_GETRUSAGE 1
#define HAVE_GETTIMEOFDAY 1
#define HAVE_SYSCONF 1
#define HAVE_UNAME 1
#define HAVE_VALLOC 1
#define SIZEOF_CHAR 1
#define SIZEOF_SHORT 2
#define SIZEOF_INT 4
#define SIZEOF_LONG 8
#define SIZEOF_LONG_LONG 8
#define SIZEOF_FLOAT 4
#define SIZEOF_DOUBLE 8
#define SIZEOF_LONG_DOUBLE 16
#define SIZEOF_INT_P 8
#define FORT_INT 6
#define FORT_INT1 1
#define FORT_INT2 4
#define FORT_INT4 6
#define FORT_INT8 13
#define FORT_INT16 0
#define FORT_REAL 10
#define FORT_REAL4 10
#define FORT_REAL8 11
#define FORT_REAL16 0
#define FORT_COMPLEX8 0
#define FORT_COMPLEX16 0
#define FORT_COMPLEX32 0
#define FORT_INTEGER_LEN            4
#define FORT_REAL_LEN            4
#define FORTRANUNDERSCORE 1

configure: exit 0
